

Started GET "/" for 127.0.0.1 at 2014-11-24 18:51:50 -0800

ActiveRecord::PendingMigrationError - 

Migrations are pending. To resolve this issue, run:

	bin/rake db:migrate RAILS_ENV=development

:
  activerecord (4.1.6) lib/active_record/migration.rb:389:in `check_pending!'
  activerecord (4.1.6) lib/active_record/migration.rb:377:in `call'
  actionpack (4.1.6) lib/action_dispatch/middleware/callbacks.rb:29:in `block in call'
  activesupport (4.1.6) lib/active_support/callbacks.rb:82:in `run_callbacks'
  actionpack (4.1.6) lib/action_dispatch/middleware/callbacks.rb:27:in `call'
  actionpack (4.1.6) lib/action_dispatch/middleware/reloader.rb:73:in `call'
  actionpack (4.1.6) lib/action_dispatch/middleware/remote_ip.rb:76:in `call'
  better_errors (2.0.0) lib/better_errors/middleware.rb:84:in `protected_app_call'
  better_errors (2.0.0) lib/better_errors/middleware.rb:79:in `better_errors_call'
  better_errors (2.0.0) lib/better_errors/middleware.rb:57:in `call'
  actionpack (4.1.6) lib/action_dispatch/middleware/debug_exceptions.rb:17:in `call'
  actionpack (4.1.6) lib/action_dispatch/middleware/show_exceptions.rb:30:in `call'
  railties (4.1.6) lib/rails/rack/logger.rb:38:in `call_app'
  railties (4.1.6) lib/rails/rack/logger.rb:20:in `block in call'
  activesupport (4.1.6) lib/active_support/tagged_logging.rb:68:in `block in tagged'
  activesupport (4.1.6) lib/active_support/tagged_logging.rb:26:in `tagged'
  activesupport (4.1.6) lib/active_support/tagged_logging.rb:68:in `tagged'
  railties (4.1.6) lib/rails/rack/logger.rb:20:in `call'
  quiet_assets (1.0.3) lib/quiet_assets.rb:23:in `call_with_quiet_assets'
  actionpack (4.1.6) lib/action_dispatch/middleware/request_id.rb:21:in `call'
   () Users/mayaah/.rvm/gems/ruby-2.1.3@global/gems/rack-1.5.2/lib/rack/methodoverride.rb:21:in `call'
   () Users/mayaah/.rvm/gems/ruby-2.1.3@global/gems/rack-1.5.2/lib/rack/runtime.rb:17:in `call'
  activesupport (4.1.6) lib/active_support/cache/strategy/local_cache_middleware.rb:26:in `call'
   () Users/mayaah/.rvm/gems/ruby-2.1.3@global/gems/rack-1.5.2/lib/rack/lock.rb:17:in `call'
  actionpack (4.1.6) lib/action_dispatch/middleware/static.rb:64:in `call'
   () Users/mayaah/.rvm/gems/ruby-2.1.3@global/gems/rack-1.5.2/lib/rack/sendfile.rb:112:in `call'
  railties (4.1.6) lib/rails/engine.rb:514:in `call'
  railties (4.1.6) lib/rails/application.rb:144:in `call'
   () Users/mayaah/.rvm/gems/ruby-2.1.3@global/gems/rack-1.5.2/lib/rack/lock.rb:17:in `call'
   () Users/mayaah/.rvm/gems/ruby-2.1.3@global/gems/rack-1.5.2/lib/rack/content_length.rb:14:in `call'
   () Users/mayaah/.rvm/gems/ruby-2.1.3@global/gems/rack-1.5.2/lib/rack/handler/webrick.rb:60:in `service'
   () Users/mayaah/.rvm/rubies/ruby-2.1.3/lib/ruby/2.1.0/webrick/httpserver.rb:138:in `service'
   () Users/mayaah/.rvm/rubies/ruby-2.1.3/lib/ruby/2.1.0/webrick/httpserver.rb:94:in `run'
   () Users/mayaah/.rvm/rubies/ruby-2.1.3/lib/ruby/2.1.0/webrick/server.rb:295:in `block in start_thread'



Started POST "/__better_errors/a5e658dacbcf1995/variables" for 127.0.0.1 at 2014-11-24 18:51:50 -0800


Started GET "/" for 127.0.0.1 at 2014-11-24 18:55:09 -0800

ActiveRecord::PendingMigrationError - 

Migrations are pending. To resolve this issue, run:

	bin/rake db:migrate RAILS_ENV=development

:
  activerecord (4.1.6) lib/active_record/migration.rb:389:in `check_pending!'
  activerecord (4.1.6) lib/active_record/migration.rb:377:in `call'
  actionpack (4.1.6) lib/action_dispatch/middleware/callbacks.rb:29:in `block in call'
  activesupport (4.1.6) lib/active_support/callbacks.rb:82:in `run_callbacks'
  actionpack (4.1.6) lib/action_dispatch/middleware/callbacks.rb:27:in `call'
  actionpack (4.1.6) lib/action_dispatch/middleware/reloader.rb:73:in `call'
  actionpack (4.1.6) lib/action_dispatch/middleware/remote_ip.rb:76:in `call'
  better_errors (2.0.0) lib/better_errors/middleware.rb:84:in `protected_app_call'
  better_errors (2.0.0) lib/better_errors/middleware.rb:79:in `better_errors_call'
  better_errors (2.0.0) lib/better_errors/middleware.rb:57:in `call'
  actionpack (4.1.6) lib/action_dispatch/middleware/debug_exceptions.rb:17:in `call'
  actionpack (4.1.6) lib/action_dispatch/middleware/show_exceptions.rb:30:in `call'
  railties (4.1.6) lib/rails/rack/logger.rb:38:in `call_app'
  railties (4.1.6) lib/rails/rack/logger.rb:20:in `block in call'
  activesupport (4.1.6) lib/active_support/tagged_logging.rb:68:in `block in tagged'
  activesupport (4.1.6) lib/active_support/tagged_logging.rb:26:in `tagged'
  activesupport (4.1.6) lib/active_support/tagged_logging.rb:68:in `tagged'
  railties (4.1.6) lib/rails/rack/logger.rb:20:in `call'
  quiet_assets (1.0.3) lib/quiet_assets.rb:23:in `call_with_quiet_assets'
  actionpack (4.1.6) lib/action_dispatch/middleware/request_id.rb:21:in `call'
   () Users/mayaah/.rvm/gems/ruby-2.1.3@global/gems/rack-1.5.2/lib/rack/methodoverride.rb:21:in `call'
   () Users/mayaah/.rvm/gems/ruby-2.1.3@global/gems/rack-1.5.2/lib/rack/runtime.rb:17:in `call'
  activesupport (4.1.6) lib/active_support/cache/strategy/local_cache_middleware.rb:26:in `call'
   () Users/mayaah/.rvm/gems/ruby-2.1.3@global/gems/rack-1.5.2/lib/rack/lock.rb:17:in `call'
  actionpack (4.1.6) lib/action_dispatch/middleware/static.rb:64:in `call'
   () Users/mayaah/.rvm/gems/ruby-2.1.3@global/gems/rack-1.5.2/lib/rack/sendfile.rb:112:in `call'
  railties (4.1.6) lib/rails/engine.rb:514:in `call'
  railties (4.1.6) lib/rails/application.rb:144:in `call'
   () Users/mayaah/.rvm/gems/ruby-2.1.3@global/gems/rack-1.5.2/lib/rack/lock.rb:17:in `call'
   () Users/mayaah/.rvm/gems/ruby-2.1.3@global/gems/rack-1.5.2/lib/rack/content_length.rb:14:in `call'
   () Users/mayaah/.rvm/gems/ruby-2.1.3@global/gems/rack-1.5.2/lib/rack/handler/webrick.rb:60:in `service'
   () Users/mayaah/.rvm/rubies/ruby-2.1.3/lib/ruby/2.1.0/webrick/httpserver.rb:138:in `service'
   () Users/mayaah/.rvm/rubies/ruby-2.1.3/lib/ruby/2.1.0/webrick/httpserver.rb:94:in `run'
   () Users/mayaah/.rvm/rubies/ruby-2.1.3/lib/ruby/2.1.0/webrick/server.rb:295:in `block in start_thread'



Started POST "/__better_errors/3ef8fa4c9dc4e440/variables" for 127.0.0.1 at 2014-11-24 18:55:09 -0800
  [1m[36m (4.6ms)[0m  [1mCREATE TABLE "schema_migrations" ("version" varchar(255) NOT NULL) [0m
  [1m[35m (0.5ms)[0m  select sqlite_version(*)
  [1m[36m (1.1ms)[0m  [1mCREATE UNIQUE INDEX "unique_schema_migrations" ON "schema_migrations" ("version")[0m
  [1m[35mActiveRecord::SchemaMigration Load (0.1ms)[0m  SELECT "schema_migrations".* FROM "schema_migrations"
Migrating to DeviseCreateUsers (20140224203310)
  [1m[36m (0.1ms)[0m  [1mbegin transaction[0m
  [1m[35m (0.5ms)[0m  CREATE TABLE "users" ("id" INTEGER PRIMARY KEY AUTOINCREMENT NOT NULL, "email" varchar(255) DEFAULT '' NOT NULL, "encrypted_password" varchar(255) DEFAULT '' NOT NULL, "reset_password_token" varchar(255), "reset_password_sent_at" datetime, "remember_created_at" datetime, "sign_in_count" integer DEFAULT 0 NOT NULL, "current_sign_in_at" datetime, "last_sign_in_at" datetime, "current_sign_in_ip" varchar(255), "last_sign_in_ip" varchar(255), "created_at" datetime, "updated_at" datetime) 
  [1m[36m (1.1ms)[0m  [1mCREATE UNIQUE INDEX "index_users_on_email" ON "users" ("email")[0m
  [1m[35m (0.1ms)[0m              SELECT sql
            FROM sqlite_master
            WHERE name='index_users_on_email' AND type='index'
            UNION ALL
            SELECT sql
            FROM sqlite_temp_master
            WHERE name='index_users_on_email' AND type='index'

  [1m[36m (0.2ms)[0m  [1mCREATE UNIQUE INDEX "index_users_on_reset_password_token" ON "users" ("reset_password_token")[0m
  [1m[35mSQL (0.2ms)[0m  INSERT INTO "schema_migrations" ("version") VALUES (?)  [["version", "20140224203310"]]
  [1m[36m (1.0ms)[0m  [1mcommit transaction[0m
Migrating to AddNameToUsers (20140224203311)
  [1m[35m (0.1ms)[0m  begin transaction
  [1m[36m (1.1ms)[0m  [1mALTER TABLE "users" ADD "name" varchar(255)[0m
  [1m[35mSQL (0.2ms)[0m  INSERT INTO "schema_migrations" ("version") VALUES (?)  [["version", "20140224203311"]]
  [1m[36m (0.8ms)[0m  [1mcommit transaction[0m
  [1m[35mActiveRecord::SchemaMigration Load (0.1ms)[0m  SELECT "schema_migrations".* FROM "schema_migrations"
  [1m[36m (0.1ms)[0m  [1m            SELECT sql
            FROM sqlite_master
            WHERE name='index_users_on_reset_password_token' AND type='index'
            UNION ALL
            SELECT sql
            FROM sqlite_temp_master
            WHERE name='index_users_on_reset_password_token' AND type='index'
[0m
  [1m[35m (0.1ms)[0m              SELECT sql
            FROM sqlite_master
            WHERE name='index_users_on_email' AND type='index'
            UNION ALL
            SELECT sql
            FROM sqlite_temp_master
            WHERE name='index_users_on_email' AND type='index'



Started GET "/" for 127.0.0.1 at 2014-11-24 19:44:44 -0800
  [1m[36mActiveRecord::SchemaMigration Load (0.1ms)[0m  [1mSELECT "schema_migrations".* FROM "schema_migrations"[0m
Processing by VisitorsController#index as HTML
  [1m[35m (0.2ms)[0m  SELECT COUNT(*) FROM "users"
  Rendered visitors/index.html.erb within layouts/application (11.5ms)
  Rendered layouts/_navigation_links.html.erb (4.5ms)
  Rendered layouts/_navigation.html.erb (6.5ms)
  Rendered layouts/_messages.html.erb (0.6ms)
Completed 200 OK in 4502ms (Views: 4486.2ms | ActiveRecord: 0.9ms)


Started GET "/users/sign_in" for 127.0.0.1 at 2014-11-24 19:44:56 -0800
Processing by Devise::SessionsController#new as HTML
  Rendered devise/sessions/new.html.erb within layouts/application (442.5ms)
  Rendered layouts/_navigation_links.html.erb (0.5ms)
  Rendered layouts/_navigation.html.erb (2.0ms)
  Rendered layouts/_messages.html.erb (0.1ms)
Completed 200 OK in 621ms (Views: 608.5ms | ActiveRecord: 0.0ms)


Started GET "/users/sign_up" for 127.0.0.1 at 2014-11-24 19:44:58 -0800
Processing by Devise::RegistrationsController#new as HTML
  Rendered devise/registrations/new.html.erb within layouts/application (5.6ms)
  Rendered layouts/_navigation_links.html.erb (0.4ms)
  Rendered layouts/_navigation.html.erb (1.3ms)
  Rendered layouts/_messages.html.erb (0.1ms)
Completed 200 OK in 164ms (Views: 160.3ms | ActiveRecord: 0.0ms)


Started GET "/" for 127.0.0.1 at 2014-11-24 19:44:58 -0800
Processing by VisitorsController#index as HTML
  [1m[36m (0.2ms)[0m  [1mSELECT COUNT(*) FROM "users"[0m
  Rendered visitors/index.html.erb within layouts/application (1.6ms)
  Rendered layouts/_navigation_links.html.erb (1.1ms)
  Rendered layouts/_navigation.html.erb (2.9ms)
  Rendered layouts/_messages.html.erb (0.6ms)
Completed 200 OK in 158ms (Views: 157.0ms | ActiveRecord: 0.2ms)


Started GET "/users/sign_in" for 127.0.0.1 at 2014-11-24 19:44:59 -0800
Processing by Devise::SessionsController#new as HTML
  Rendered devise/sessions/new.html.erb within layouts/application (3.8ms)
  Rendered layouts/_navigation_links.html.erb (0.5ms)
  Rendered layouts/_navigation.html.erb (1.4ms)
  Rendered layouts/_messages.html.erb (0.1ms)
Completed 200 OK in 154ms (Views: 152.1ms | ActiveRecord: 0.0ms)


Started GET "/users/sign_up" for 127.0.0.1 at 2014-11-24 19:45:00 -0800
Processing by Devise::RegistrationsController#new as HTML
  Rendered devise/registrations/new.html.erb within layouts/application (2.6ms)
  Rendered layouts/_navigation_links.html.erb (0.8ms)
  Rendered layouts/_navigation.html.erb (1.6ms)
  Rendered layouts/_messages.html.erb (0.1ms)
Completed 200 OK in 130ms (Views: 128.7ms | ActiveRecord: 0.0ms)


Started GET "/" for 127.0.0.1 at 2014-11-24 19:45:01 -0800
Processing by VisitorsController#index as HTML
  [1m[35m (0.2ms)[0m  SELECT COUNT(*) FROM "users"
  Rendered visitors/index.html.erb within layouts/application (1.0ms)
  Rendered layouts/_navigation_links.html.erb (0.4ms)
  Rendered layouts/_navigation.html.erb (1.3ms)
  Rendered layouts/_messages.html.erb (0.1ms)
Completed 200 OK in 130ms (Views: 129.3ms | ActiveRecord: 0.2ms)


Started GET "/" for 127.0.0.1 at 2014-11-24 19:50:51 -0800
Processing by VisitorsController#index as HTML
  [1m[36m (2.1ms)[0m  [1mSELECT COUNT(*) FROM "users"[0m
  Rendered visitors/index.html.erb within layouts/application (8.2ms)
  Rendered layouts/_navigation_links.html.erb (1.0ms)
  Rendered layouts/_navigation.html.erb (2.7ms)
  Rendered layouts/_messages.html.erb (0.4ms)
Completed 200 OK in 323ms (Views: 315.6ms | ActiveRecord: 2.1ms)
